SLF4J: Failed to load class "org.slf4j.impl.StaticLoggerBinder".
SLF4J: Defaulting to no-operation (NOP) logger implementation
SLF4J: See http://www.slf4j.org/codes.html#StaticLoggerBinder for further details.
[06:08:24] [main/INFO]: [OptiFine] (Reflector) Field not found: World.tileEntitiesToBeRemoved
[06:08:24] [main/INFO]: [OptiFine] (Reflector) Class not present: net.minecraftforge.eventbus.api.Event$Result
[06:08:24] [main/INFO]: [OptiFine] (Reflector) Method not present: net.minecraftforge.common.extensions.IForgeBlockState.hasTileEntity
[06:08:24] [main/INFO]: [OptiFine] (Reflector) Class not present: net.minecraftforge.common.extensions.IForgeEntity
[06:08:24] [main/INFO]: [OptiFine] (Reflector) Class not present: net.minecraftforge.fml.CrashReportExtender
[06:08:24] [main/INFO]: [OptiFine] (Reflector) Method not present: net.minecraft.tags.ItemTags.createOptional
[06:08:26] [Render thread/INFO]: [OptiFine] (Reflector) Class not present: net.minecraftforge.client.ForgeHooksClient
[06:08:26] [Render thread/INFO]: Environment: authHost='https://authserver.mojang.com', accountsHost='https://api.mojang.com', sessionHost='https://sessionserver.mojang.com', servicesHost='https://api.minecraftservices.com', name='PROD'
[06:08:27] [Render thread/INFO]: Setting user: Player731
[06:08:27] [Render thread/INFO]: [OptiFine] (Reflector) Class not present: net.minecraftforge.client.settings.KeyConflictContext
[06:08:27] [Render thread/INFO]: [OptiFine] (Reflector) Class not present: net.minecraft.launchwrapper.Launch
[06:08:27] [Render thread/INFO]: Backend library: LWJGL version 3.2.2 SNAPSHOT
[06:08:27] [Render thread/INFO]: [OptiFine] 
[06:08:27] [Render thread/INFO]: [OptiFine] OptiFine_1.16.5_HD_U_G8
[06:08:27] [Render thread/INFO]: [OptiFine] (Reflector) Class not present: optifine.OptiFineResourceLocator
[06:08:27] [Render thread/INFO]: [OptiFine] Build: null
[06:08:27] [Render thread/INFO]: [OptiFine] OS: Linux (amd64) version 5.4.250-2-velinux1u1-amd64
[06:08:27] [Render thread/INFO]: [OptiFine] Java: 11.0.26, Ubuntu
[06:08:27] [Render thread/INFO]: [OptiFine] VM: OpenJDK 64-Bit Server VM (mixed mode, sharing), Ubuntu
[06:08:27] [Render thread/INFO]: [OptiFine] LWJGL: 3.3.0 X11 GLX EGL OSMesa clock_gettime evdev shared
[06:08:27] [Render thread/INFO]: [OptiFine] OpenGL: llvmpipe (LLVM 12.0.0, 256 bits), version 3.1 Mesa 21.2.6, Mesa/X.org
[06:08:27] [Render thread/INFO]: [OptiFine] OpenGL Version: 3.1.0
[06:08:27] [Render thread/INFO]: [OptiFine] Maximum texture size: 16384x16384
[06:08:27] [VersionCheck/INFO]: [OptiFine] Checking for new version
[06:08:27] [Render thread/INFO]: [Shaders] OpenGL Version: 3.1 Mesa 21.2.6
[06:08:27] [Render thread/INFO]: [Shaders] Vendor:  Mesa/X.org
[06:08:27] [Render thread/INFO]: [Shaders] Renderer: llvmpipe (LLVM 12.0.0, 256 bits)
[06:08:27] [Render thread/INFO]: [Shaders] Capabilities:  2.0  2.1  3.0  -  - 
[06:08:27] [Render thread/INFO]: [Shaders] GL_MAX_DRAW_BUFFERS: 8
[06:08:27] [Render thread/INFO]: [Shaders] GL_MAX_COLOR_ATTACHMENTS_EXT: 8
[06:08:27] [Render thread/INFO]: [Shaders] GL_MAX_TEXTURE_IMAGE_UNITS: 32
[06:08:27] [Render thread/INFO]: [Shaders] Load shaders configuration.
[06:08:27] [Render thread/INFO]: [Shaders] Save shaders configuration.
[06:08:27] [Render thread/INFO]: [Shaders] No shaderpack loaded.
[06:08:27] [Render thread/INFO]: [OptiFine] (Reflector) Class not present: net.minecraftforge.fml.common.Loader
[06:08:27] [Render thread/WARN]: [OptiFine] java.lang.ClassNotFoundException: sun.misc.SharedSecrets
[06:08:27] [Render thread/WARN]: [OptiFine] java.lang.reflect.InaccessibleObjectException: Unable to make public static jdk.internal.misc.JavaNioAccess jdk.internal.misc.SharedSecrets.getJavaNioAccess() accessible: module java.base does not "exports jdk.internal.misc" to unnamed module @79acb200
[06:08:27] [Render thread/WARN]: [OptiFine] java.lang.ClassNotFoundException: sun.misc.VM
[06:08:27] [Render thread/WARN]: [OptiFine] java.lang.reflect.InaccessibleObjectException: Unable to make public static long jdk.internal.misc.VM.maxDirectMemory() accessible: module java.base does not "exports jdk.internal.misc" to unnamed module @79acb200
[06:08:27] [Render thread/INFO]: [OptiFine] (Reflector) Class not present: net.minecraftforge.client.ItemModelMesherForge
[06:08:27] [Render thread/INFO]: [OptiFine] (Reflector) Class not present: net.minecraftforge.client.model.pipeline.ForgeBlockModelRenderer
[06:08:27] [Render thread/WARN]: ERROR : Couldn't load Narrator library : Unable to load library 'fliteWrapper': Can't obtain InputStream for linux-x86-64/libfliteWrapper.so
[06:08:27] [Render thread/INFO]: [OptiFine] (Reflector) Class not present: net.minecraftforge.fml.client.gui.screen.ModListScreen
[06:08:27] [Render thread/INFO]: Reloading ResourceManager: Default
[06:08:27] [Render thread/INFO]: [OptiFine] *** Reloading textures ***
[06:08:27] [Render thread/INFO]: [OptiFine] Resource packs: Default
[06:08:27] [Render thread/INFO]: [OptiFine] (Reflector) Method not present: net.minecraft.client.renderer.RenderTypeLookup.canRenderInLayer
[06:08:27] [Render thread/INFO]: [OptiFine] *** Reflector Forge ***
[06:08:27] [Render thread/INFO]: [OptiFine] (Reflector) Class not present: mods.betterfoliage.client.BetterFoliageClient
[06:08:27] [Render thread/INFO]: [OptiFine] (Reflector) Class not present: net.minecraftforge.fml.BrandingControl
[06:08:27] [Render thread/INFO]: [OptiFine] (Reflector) Class not present: net.minecraftforge.common.capabilities.ICapabilityProvider
[06:08:27] [Render thread/INFO]: [OptiFine] (Reflector) Class not present: net.minecraftforge.common.capabilities.CapabilityProvider
[06:08:27] [Render thread/INFO]: [OptiFine] (Reflector) Class not present: net.minecraftforge.fml.client.ClientModLoader
[06:08:27] [Render thread/INFO]: [OptiFine] (Reflector) Class not present: net.minecraftforge.event.world.ChunkDataEvent$Save
[06:08:27] [Render thread/INFO]: [OptiFine] (Reflector) Class not present: net.minecraftforge.event.world.ChunkEvent$Load
[06:08:27] [Render thread/INFO]: [OptiFine] (Reflector) Class not present: net.minecraftforge.event.world.ChunkEvent$Unload
[06:08:27] [Render thread/INFO]: [OptiFine] (Reflector) Class not present: net.minecraftforge.fml.client.ClientHooks
[06:08:27] [Render thread/INFO]: [OptiFine] (Reflector) Class not present: net.minecraftforge.client.event.GuiScreenEvent$DrawScreenEvent$Pre
[06:08:27] [Render thread/INFO]: [OptiFine] (Reflector) Class not present: net.minecraftforge.client.event.GuiScreenEvent$DrawScreenEvent$Post
[06:08:27] [Render thread/INFO]: [OptiFine] (Reflector) Method not present: net.minecraftforge.fml.loading.progress.EarlyProgressVisualization.handOffWindow
[06:08:27] [Render thread/INFO]: [OptiFine] (Reflector) Class not present: net.minecraftforge.event.entity.EntityLeaveWorldEvent
[06:08:27] [Render thread/INFO]: [OptiFine] (Reflector) Class not present: net.minecraftforge.client.event.EntityViewRenderEvent$CameraSetup
[06:08:27] [Render thread/INFO]: [OptiFine] (Reflector) Class not present: net.minecraftforge.client.event.EntityViewRenderEvent$FogColors
[06:08:27] [Render thread/INFO]: [OptiFine] (Reflector) Class not present: net.minecraftforge.client.event.EntityViewRenderEvent$RenderFogEvent
[06:08:27] [Render thread/INFO]: [OptiFine] (Reflector) Class not present: net.minecraftforge.event.entity.EntityJoinWorldEvent
[06:08:27] [Render thread/INFO]: [OptiFine] (Reflector) Method not present: net.minecraftforge.eventbus.api.Event.isCanceled
[06:08:27] [Render thread/INFO]: [OptiFine] (Reflector) Method not present: net.minecraftforge.eventbus.api.Event.getResult
[06:08:27] [Render thread/INFO]: [OptiFine] (Reflector) Class not present: net.minecraftforge.eventbus.api.IEventBus
[06:08:27] [Render thread/INFO]: [OptiFine] (Reflector) Class not present: net.minecraftforge.common.extensions.IForgeBlock
[06:08:27] [Render thread/INFO]: [OptiFine] (Reflector) Method not present: net.minecraft.client.renderer.BlockModelShapes.getTexture
[06:08:27] [Render thread/INFO]: [OptiFine] (Reflector) Method not present: net.minecraftforge.common.extensions.IForgeBlockState.addDestroyEffects
[06:08:27] [Render thread/INFO]: [OptiFine] (Reflector) Method not present: net.minecraftforge.common.extensions.IForgeBlockState.addHitEffects
[06:08:27] [Render thread/INFO]: [OptiFine] (Reflector) Method not present: net.minecraftforge.common.extensions.IForgeBlockState.getLightValue
[06:08:27] [Render thread/INFO]: [OptiFine] (Reflector) Method not present: net.minecraftforge.common.extensions.IForgeBlockState.getSoundType
[06:08:27] [Render thread/INFO]: [OptiFine] (Reflector) Method not present: net.minecraftforge.common.extensions.IForgeBlockState.getStateAtViewpoint
[06:08:27] [Render thread/INFO]: [OptiFine] (Reflector) Method not present: net.minecraftforge.common.extensions.IForgeBlockState.isAir
[06:08:27] [Render thread/INFO]: [OptiFine] (Reflector) Method not present: net.minecraftforge.common.extensions.IForgeBlockState.shouldDisplayFluidOverlay
[06:08:27] [Render thread/INFO]: [OptiFine] (Reflector) Class not present: net.minecraftforge.common.extensions.IForgeFluid
[06:08:27] [Render thread/INFO]: [OptiFine] (Reflector) Class not present: net.minecraftforge.fluids.FluidAttributes
[06:08:27] [Render thread/INFO]: [OptiFine] (Reflector) Method not present: net.minecraft.entity.EntityType.getTags
[06:08:27] [Render thread/INFO]: [OptiFine] (Reflector) Class not present: net.minecraftforge.event.ForgeEventFactory
[06:08:27] [Render thread/INFO]: [OptiFine] (Reflector) Method not present: net.minecraft.fluid.Fluid.getTags
[06:08:27] [Render thread/INFO]: [OptiFine] (Reflector) Class not present: net.minecraftforge.common.ForgeHooks
[06:08:27] [Render thread/INFO]: [OptiFine] (Reflector) Class not present: net.minecraftforge.common.ForgeConfig
[06:08:27] [Render thread/INFO]: [OptiFine] (Reflector) Class not present: net.minecraftforge.common.ForgeConfig$Client
[06:08:27] [Render thread/INFO]: [OptiFine] (Reflector) Class not present: net.minecraftforge.common.ForgeConfigSpec
[06:08:27] [Render thread/INFO]: [OptiFine] (Reflector) Class not present: net.minecraftforge.common.ForgeConfigSpec$ConfigValue
[06:08:27] [Render thread/INFO]: [OptiFine] (Reflector) Method not present: net.minecraft.world.chunk.IChunk.getWorldForge
[06:08:27] [Render thread/INFO]: [OptiFine] (Reflector) Class not present: net.minecraftforge.common.extensions.IForgeItem
[06:08:27] [Render thread/INFO]: [OptiFine] (Reflector) Class not present: net.minecraftforge.common.extensions.IForgeItemStack
[06:08:27] [Render thread/INFO]: [OptiFine] (Reflector) Class not present: net.minecraftforge.fml.ForgeI18n
[06:08:27] [Render thread/INFO]: [OptiFine] (Reflector) Method not present: net.minecraft.client.settings.KeyBinding.setKeyConflictContext
[06:08:27] [Render thread/INFO]: [OptiFine] (Reflector) Method not present: net.minecraft.client.settings.KeyBinding.setKeyModifierAndCode
[06:08:27] [Render thread/INFO]: [OptiFine] (Reflector) Method not present: net.minecraft.client.settings.KeyBinding.getKeyModifier
[06:08:27] [Render thread/INFO]: [OptiFine] (Reflector) Class not present: net.minecraftforge.common.extensions.IForgeEffectInstance
[06:08:27] [Render thread/INFO]: [OptiFine] (Reflector) Class not present: net.minecraftforge.registries.ForgeRegistryEntry
[06:08:27] [Render thread/INFO]: [OptiFine] (Reflector) Method not present: net.minecraft.client.renderer.RenderTypeLookup.canRenderInLayer
[06:08:27] [Render thread/INFO]: [OptiFine] (Reflector) Constructor not present: net.minecraft.world.server.Ticket, params: class net.minecraft.world.server.TicketType, int, class java.lang.Object, boolean
[06:08:27] [Render thread/INFO]: [OptiFine] (Reflector) Method not present: net.minecraft.world.server.Ticket.isForceTicks
[06:08:27] [Render thread/INFO]: [OptiFine] (Reflector) Class not present: net.minecraftforge.common.extensions.IForgeTileEntity
[06:08:27] [Render thread/INFO]: [OptiFine] (Reflector) Method not present: net.minecraft.client.world.DimensionRenderInfo.getCloudRenderHandler
[06:08:27] [Render thread/INFO]: [OptiFine] (Reflector) Method not present: net.minecraft.client.world.DimensionRenderInfo.getSkyRenderHandler
[06:08:27] [Render thread/INFO]: [OptiFine] (Reflector) Method not present: net.minecraft.client.world.DimensionRenderInfo.getWeatherParticleRenderHandler
[06:08:27] [Render thread/INFO]: [OptiFine] (Reflector) Method not present: net.minecraft.client.world.DimensionRenderInfo.getWeatherRenderHandler
[06:08:27] [Render thread/INFO]: [OptiFine] (Reflector) Class not present: net.minecraftforge.client.IRenderHandler
[06:08:27] [Render thread/INFO]: [OptiFine] (Reflector) Class not present: net.minecraftforge.client.settings.KeyModifier
[06:08:27] [Render thread/INFO]: [OptiFine] (Reflector) Class not present: net.minecraftforge.client.model.pipeline.LightUtil
[06:08:27] [Render thread/INFO]: [OptiFine] (Reflector) Class not present: net.minecraftforge.common.MinecraftForge
[06:08:27] [Render thread/INFO]: [OptiFine] (Reflector) Class not present: net.minecraftforge.client.MinecraftForgeClient
[06:08:27] [Render thread/INFO]: [OptiFine] (Reflector) Class not present: net.minecraftforge.fml.common.ModContainer
[06:08:27] [Render thread/INFO]: [OptiFine] (Reflector) Class not present: net.minecraftforge.client.model.ModelLoaderRegistry
[06:08:27] [Render thread/INFO]: [OptiFine] (Reflector) Class not present: net.minecraftforge.client.gui.NotificationModUpdateScreen
[06:08:27] [Render thread/INFO]: [OptiFine] (Reflector) Class not present: net.minecraftforge.entity.PartEntity
[06:08:27] [Render thread/INFO]: [OptiFine] (Reflector) Class not present: net.minecraftforge.event.entity.PlaySoundAtEntityEvent
[06:08:27] [Render thread/INFO]: [OptiFine] (Reflector) Class not present: net.minecraftforge.client.event.RenderBlockOverlayEvent$OverlayType
[06:08:27] [Render thread/INFO]: [OptiFine] (Reflector) Class not present: net.minecraftforge.fml.client.registry.RenderingRegistry
[06:08:27] [Render thread/INFO]: [OptiFine] (Reflector) Class not present: net.minecraftforge.client.event.RenderGameOverlayEvent$BossInfo
[06:08:27] [Render thread/INFO]: [OptiFine] (Reflector) Class not present: net.minecraftforge.client.event.RenderItemInFrameEvent
[06:08:27] [Render thread/INFO]: [OptiFine] (Reflector) Class not present: net.minecraftforge.client.event.RenderLivingEvent$Pre
[06:08:27] [Render thread/INFO]: [OptiFine] (Reflector) Class not present: net.minecraftforge.client.event.RenderLivingEvent$Post
[06:08:27] [Render thread/INFO]: [OptiFine] (Reflector) Class not present: net.minecraftforge.client.event.RenderNameplateEvent
[06:08:27] [Render thread/INFO]: [OptiFine] (Reflector) Class not present: net.minecraftforge.client.event.ScreenshotEvent
[06:08:27] [Render thread/INFO]: [OptiFine] (Reflector) Class not present: net.minecraftforge.fml.server.ServerLifecycleHooks
[06:08:27] [Render thread/INFO]: [OptiFine] (Reflector) Class not present: net.minecraftforge.event.world.WorldEvent$Load
[06:08:27] [Render thread/INFO]: [OptiFine] *** Reflector Vanilla ***
[06:08:27] [Worker-Main-13/INFO]: [OptiFine] Multitexture: false
[06:08:27] [Worker-Main-11/INFO]: [OptiFine] Multitexture: false
[06:08:27] [Worker-Main-12/INFO]: [OptiFine] Multitexture: false
[06:08:29] [Worker-Main-14/INFO]: [OptiFine] Multitexture: false
[06:08:29] [Worker-Main-14/INFO]: [OptiFine] Multipass connected textures: false
[06:08:30] [Realms Notification Availability checker #1/INFO]: Could not authorize you against Realms server: java.lang.RuntimeException: Failed to parse into SignedJWT: null
[06:08:30] [Worker-Main-14/INFO]: [OptiFine] Mipmap levels: 4
[06:08:30] [Worker-Main-10/ERROR]: Using missing texture, unable to load minecraft:optifine/ctm/default/empty.png : java.io.FileNotFoundException: minecraft:optifine/ctm/default/empty.png
[06:08:30] [Worker-Main-14/INFO]: [OptiFine] Multitexture: false
[06:08:30] [Worker-Main-14/INFO]: [OptiFine] Sprite size: 64
[06:08:30] [Worker-Main-14/INFO]: [OptiFine] Mipmap levels: 6
[06:08:30] [Worker-Main-14/INFO]: [OptiFine] Multitexture: false
[06:08:30] [Worker-Main-14/INFO]: [OptiFine] Sprite size: 64
[06:08:30] [Worker-Main-14/INFO]: [OptiFine] Mipmap levels: 6
[06:08:30] [Worker-Main-14/INFO]: [OptiFine] Multitexture: false
[06:08:30] [Worker-Main-14/INFO]: [OptiFine] Sprite size: 64
[06:08:30] [Worker-Main-14/INFO]: [OptiFine] Mipmap levels: 6
[06:08:30] [Worker-Main-14/INFO]: [OptiFine] Multitexture: false
[06:08:30] [Worker-Main-14/INFO]: [OptiFine] Sprite size: 64
[06:08:30] [Worker-Main-14/INFO]: [OptiFine] Mipmap levels: 6
[06:08:30] [Worker-Main-14/INFO]: [OptiFine] Multitexture: false
[06:08:30] [Worker-Main-14/INFO]: [OptiFine] Sprite size: 64
[06:08:30] [Worker-Main-14/INFO]: [OptiFine] Mipmap levels: 6
[06:08:30] [Worker-Main-14/INFO]: [OptiFine] Multitexture: false
[06:08:30] [Worker-Main-14/INFO]: [OptiFine] Sprite size: 64
[06:08:30] [Worker-Main-14/INFO]: [OptiFine] Mipmap levels: 6
ALSA lib confmisc.c:767:(parse_card) cannot find card '0'
ALSA lib conf.c:4732:(_snd_config_evaluate) function snd_func_card_driver returned error: No such file or directory
ALSA lib confmisc.c:392:(snd_func_concat) error evaluating strings
ALSA lib conf.c:4732:(_snd_config_evaluate) function snd_func_concat returned error: No such file or directory
ALSA lib confmisc.c:1246:(snd_func_refer) error evaluating name
ALSA lib conf.c:4732:(_snd_config_evaluate) function snd_func_refer returned error: No such file or directory
ALSA lib conf.c:5220:(snd_config_expand) Evaluate error: No such file or directory
ALSA lib pcm.c:2642:(snd_pcm_open_noupdate) Unknown PCM default
AL lib: (EE) ALCplaybackAlsa_open: Could not open playback device 'default': No such file or directory
ALSA lib confmisc.c:767:(parse_card) cannot find card '0'
ALSA lib conf.c:4732:(_snd_config_evaluate) function snd_func_card_driver returned error: No such file or directory
ALSA lib confmisc.c:392:(snd_func_concat) error evaluating strings
ALSA lib conf.c:4732:(_snd_config_evaluate) function snd_func_concat returned error: No such file or directory
ALSA lib confmisc.c:1246:(snd_func_refer) error evaluating name
ALSA lib conf.c:4732:(_snd_config_evaluate) function snd_func_refer returned error: No such file or directory
ALSA lib conf.c:5220:(snd_config_expand) Evaluate error: No such file or directory
ALSA lib pcm.c:2642:(snd_pcm_open_noupdate) Unknown PCM default
AL lib: (EE) ALCplaybackAlsa_open: Could not open playback device 'default': No such file or directory
ALSA lib confmisc.c:767:(parse_card) cannot find card '0'
ALSA lib conf.c:4732:(_snd_config_evaluate) function snd_func_card_driver returned error: No such file or directory
ALSA lib confmisc.c:392:(snd_func_concat) error evaluating strings
ALSA lib conf.c:4732:(_snd_config_evaluate) function snd_func_concat returned error: No such file or directory
ALSA lib confmisc.c:1246:(snd_func_refer) error evaluating name
ALSA lib conf.c:4732:(_snd_config_evaluate) function snd_func_refer returned error: No such file or directory
ALSA lib conf.c:5220:(snd_config_expand) Evaluate error: No such file or directory
ALSA lib pcm.c:2642:(snd_pcm_open_noupdate) Unknown PCM default
AL lib: (EE) ALCplaybackAlsa_open: Could not open playback device 'default': No such file or directory
[06:08:30] [Render thread/ERROR]: Error starting SoundSystem. Turning off sounds & music
java.lang.IllegalStateException: Failed to open OpenAL device
	at net.minecraft.client.audio.SoundSystem.openDevice(SoundSystem.java:135) ~[mcprec-6.13.jar:?]
	at net.minecraft.client.audio.SoundSystem.init(SoundSystem.java:51) ~[mcprec-6.13.jar:?]
	at net.minecraft.client.audio.SoundEngine.load(SoundEngine.java:83) ~[mcprec-6.13.jar:?]
	at net.minecraft.client.audio.SoundEngine.reload(SoundEngine.java:77) ~[mcprec-6.13.jar:?]
	at net.minecraft.client.audio.SoundHandler.apply(SoundHandler.java:110) ~[mcprec-6.13.jar:?]
	at net.minecraft.client.audio.SoundHandler.apply(SoundHandler.java:34) ~[mcprec-6.13.jar:?]
	at net.minecraft.client.resources.ReloadListener.lambda$reload$1(ReloadListener.java:17) ~[mcprec-6.13.jar:?]
	at java.util.concurrent.CompletableFuture$UniAccept.tryFire(CompletableFuture.java:714) ~[?:?]
	at java.util.concurrent.CompletableFuture$Completion.run(CompletableFuture.java:478) ~[?:?]
	at net.minecraft.resources.AsyncReloader.lambda$null$3(AsyncReloader.java:71) ~[mcprec-6.13.jar:?]
	at net.minecraft.util.concurrent.ThreadTaskExecutor.execute(ThreadTaskExecutor.java:92) ~[mcprec-6.13.jar:?]
	at net.minecraft.resources.AsyncReloader.lambda$new$4(AsyncReloader.java:70) ~[mcprec-6.13.jar:?]
	at java.util.concurrent.CompletableFuture$UniCompletion.claim(CompletableFuture.java:568) ~[?:?]
	at java.util.concurrent.CompletableFuture$UniAccept.tryFire(CompletableFuture.java:710) ~[?:?]
	at java.util.concurrent.CompletableFuture.postComplete(CompletableFuture.java:506) ~[?:?]
	at java.util.concurrent.CompletableFuture.postFire(CompletableFuture.java:610) ~[?:?]
	at java.util.concurrent.CompletableFuture$UniAccept.tryFire(CompletableFuture.java:722) ~[?:?]
	at java.util.concurrent.CompletableFuture$Completion.run(CompletableFuture.java:478) ~[?:?]
	at com.mojang.blaze3d.systems.RenderSystem.replayQueue(RenderSystem.java:101) [mcprec-6.13.jar:?]
	at com.mojang.blaze3d.systems.RenderSystem.flipFrame(RenderSystem.java:90) [mcprec-6.13.jar:?]
	at net.minecraft.client.MainWindow.flipFrame(MainWindow.java:356) [mcprec-6.13.jar:?]
	at net.minecraft.client.Minecraft.runGameLoop(Minecraft.java:1021) [mcprec-6.13.jar:?]
	at net.minecraft.client.Minecraft.run(Minecraft.java:608) [mcprec-6.13.jar:?]
	at net.minecraft.client.main.Main.main(Main.java:196) [mcprec-6.13.jar:?]
[06:08:31] [Render thread/INFO]: Created: 1024x512x4 minecraft:textures/atlas/blocks.png-atlas
[06:08:31] [Render thread/WARN]: [OptiFine] Missing CTM sprite: minecraft:optifine/ctm/default/empty
[06:08:31] [Render thread/INFO]: [OptiFine] Animated sprites: 43
[06:08:31] [Render thread/INFO]: Created: 256x128x4 minecraft:textures/atlas/signs.png-atlas
[06:08:31] [Render thread/INFO]: [OptiFine] Animated sprites: 0
[06:08:31] [Render thread/INFO]: Created: 512x512x4 minecraft:textures/atlas/banner_patterns.png-atlas
[06:08:31] [Render thread/INFO]: [OptiFine] Animated sprites: 0
[06:08:31] [Render thread/INFO]: Created: 512x512x4 minecraft:textures/atlas/shield_patterns.png-atlas
[06:08:31] [Render thread/INFO]: [OptiFine] Animated sprites: 0
[06:08:31] [Render thread/INFO]: Created: 256x256x4 minecraft:textures/atlas/chest.png-atlas
[06:08:31] [Render thread/INFO]: [OptiFine] Animated sprites: 0
[06:08:31] [Render thread/INFO]: Created: 512x256x4 minecraft:textures/atlas/beds.png-atlas
[06:08:31] [Render thread/INFO]: [OptiFine] Animated sprites: 0
[06:08:31] [Render thread/INFO]: Created: 512x256x4 minecraft:textures/atlas/shulker_boxes.png-atlas
[06:08:31] [Render thread/INFO]: [OptiFine] Animated sprites: 0
[06:08:31] [Render thread/INFO]: Created: 256x256x0 minecraft:textures/atlas/particles.png-atlas
[06:08:31] [Render thread/INFO]: [OptiFine] Animated sprites: 0
[06:08:31] [Render thread/INFO]: Created: 256x256x0 minecraft:textures/atlas/paintings.png-atlas
[06:08:31] [Render thread/INFO]: [OptiFine] Animated sprites: 0
[06:08:31] [Render thread/INFO]: Created: 128x128x0 minecraft:textures/atlas/mob_effects.png-atlas
[06:08:31] [Render thread/INFO]: [OptiFine] Animated sprites: 0
[06:08:31] [Render thread/INFO]: [OptiFine] *** Reloading custom textures ***
[06:08:31] [VersionCheck/INFO]: [OptiFine] Version found: G7
[06:08:32] [Render thread/INFO]: [OptiFine] Disable Forge light pipeline
[06:08:33] [Thread-3/INFO]: [STDOUT]: ***** Start MalmoEnvServer on port 9292
[06:08:33] [Thread-3/INFO]: [STDOUT]: CLIENT enter state: DORMANT
[06:08:33] [Thread-3/INFO]: [STDOUT]: SERVER enter state: DORMANT
[06:08:33] [EnvServerSocketHandler/INFO]: Received Mission token 065ebfda-4a59-4fc2-a82e-7d2415284fa9:0:0:1:true:0
[06:08:33] [EnvServerSocketHandler/INFO]: Received mission init command  <MissionInit xmlns="http://ProjectMalmo.microsoft.com" xmlns:xsi="http://www.w3.org/2001/XMLSchema-instance" SchemaVersion="" PlatformVersion="0.37.0"><Mission><About><Summary>MineRLHumanSurvival-v0</Summary></About><ModSettings><MsPerTick>50</MsPerTick></ModSettings><ServerSection><ServerInitialConditions><Time><AllowPassageOfTime>true</AllowPassageOfTime></Time><AllowSpawning>true</AllowSpawning></ServerInitialConditions><ServerHandlers><DefaultWorldGenerator forceReset="true" generatorOptions="{}"/><ServerQuitWhenAnyAgentFinishes/></ServerHandlers></ServerSection><AgentSection mode="Survival"><Name>MineRLAgent0</Name><AgentStart><LowLevelInputs>true</LowLevelInputs><GuiScale>1.0</GuiScale><GammaSetting>2.0</GammaSetting><FOVSetting>70.0</FOVSetting><FakeCursorSize>16</FakeCursorSize><Inventory/></AgentStart><AgentHandlers><FileBasedPerformanceProducer/><PauseCommand/><VideoProducer want_depth="false"><Width>640</Width><Height>360</Height></VideoProducer><ObservationFromFullInventory flat="false"/><ObservationFromEquippedItem/><ObservationFromFullStats/><ObservationFromFullStats/><HumanLevelCommands/><CameraCommands/><ChatCommands/><IsGuiOpen/></AgentHandlers></AgentSection></Mission><ExperimentUID>065ebfda-4a59-4fc2-a82e-7d2415284fa9</ExperimentUID><ClientRole>0</ClientRole><ClientAgentConnection><ClientIPAddress>127.0.0.1</ClientIPAddress><ClientMissionControlPort>0</ClientMissionControlPort><ClientCommandsPort>0</ClientCommandsPort><AgentIPAddress>127.0.0.1</AgentIPAddress><AgentMissionControlPort>0</AgentMissionControlPort><AgentVideoPort>0</AgentVideoPort><AgentDepthPort>0</AgentDepthPort><AgentLuminancePort>0</AgentLuminancePort><AgentObservationsPort>0</AgentObservationsPort><AgentRewardsPort>0</AgentRewardsPort><AgentColourMapPort>0</AgentColourMapPort></ClientAgentConnection></MissionInit>
Exception in thread "EnvServerSocketHandler" [06:08:33] [EnvServerSocketHandler/INFO]: [STDERR]: java.lang.NoClassDefFoundError: javax/xml/bind/JAXBException
[06:08:33] [EnvServerSocketHandler/INFO]: [STDERR]: 	at com.minerl.multiagent.env.EnvServer.initMission(EnvServer.java:243)
[06:08:33] [EnvServerSocketHandler/INFO]: [STDERR]: 	at com.minerl.multiagent.env.EnvServer$1.run(EnvServer.java:138)
[06:08:33] [EnvServerSocketHandler/INFO]: [STDERR]: Caused by: java.lang.ClassNotFoundException: javax.xml.bind.JAXBException
[06:08:33] [EnvServerSocketHandler/INFO]: [STDERR]: 	at java.base/jdk.internal.loader.BuiltinClassLoader.loadClass(BuiltinClassLoader.java:581)
[06:08:33] [EnvServerSocketHandler/INFO]: [STDERR]: 	at java.base/jdk.internal.loader.ClassLoaders$AppClassLoader.loadClass(ClassLoaders.java:178)
[06:08:33] [EnvServerSocketHandler/INFO]: [STDERR]: 	at java.base/java.lang.ClassLoader.loadClass(ClassLoader.java:527)
[06:08:33] [EnvServerSocketHandler/INFO]: [STDERR]: 	... 2 more
[06:08:34] [Render thread/INFO]: [STDOUT]: *** creating fake mouse cursor ***
